0 verbose cli C:\Program Files\nodejs\node.exe C:\Program Files\nodejs\node_modules\npm\bin\npm-cli.js
1 info using npm@8.19.3
2 info using node@v16.19.0
3 timing npm:load:whichnode Completed in 0ms
4 timing config:load:defaults Completed in 2ms
5 timing config:load:file:C:\Users\Admin\AppData\Roaming\nvm\v16.19.0\node_modules\npm\npmrc Completed in 2ms
6 timing config:load:builtin Completed in 2ms
7 timing config:load:cli Completed in 2ms
8 timing config:load:env Completed in 0ms
9 timing config:load:file:C:\Users\Admin\Downloads\Vuejs\Vuejs\.npmrc Completed in 0ms
10 timing config:load:project Completed in 6ms
11 timing config:load:file:C:\Users\Admin\.npmrc Completed in 2ms
12 timing config:load:user Completed in 2ms
13 timing config:load:file:C:\Users\Admin\Downloads\Vuejs\Vuejs\$HOME\.npm-global\etc\npmrc Completed in 0ms
14 timing config:load:global Completed in 0ms
15 timing config:load:validate Completed in 2ms
16 timing config:load:credentials Completed in 0ms
17 timing config:load:setEnvs Completed in 1ms
18 timing config:load Completed in 17ms
19 timing npm:load:configload Completed in 17ms
20 timing npm:load:mkdirpcache Completed in 1ms
21 timing npm:load:mkdirplogs Completed in 1ms
22 verbose title npm run build
23 verbose argv "run" "build"
24 timing npm:load:setTitle Completed in 1ms
25 timing config:load:flatten Completed in 2ms
26 timing npm:load:display Completed in 4ms
27 verbose logfile logs-max:10 dir:C:\Users\Admin\Downloads\Vuejs\Vuejs\$HOME\.npm-cache\_logs
28 verbose logfile C:\Users\Admin\Downloads\Vuejs\Vuejs\$HOME\.npm-cache\_logs\2023-09-21T13_05_19_724Z-debug-0.log
29 timing npm:load:logFile Completed in 25ms
30 timing npm:load:timers Completed in 0ms
31 timing npm:load:configScope Completed in 0ms
32 timing npm:load Completed in 50ms
33 silly logfile done cleaning log files
34 http fetch GET 200 https://registry.npmjs.org/npm 2375ms (cache miss)
35 timing command:run Completed in 80759ms
36 notice
36 notice New [31mmajor[39m version of npm available! [31m8.19.3[39m -> [32m10.1.0[39m
36 notice Changelog: [36mhttps://github.com/npm/cli/releases/tag/v10.1.0[39m
36 notice Run [32mnpm install -g npm@10.1.0[39m to update!
36 notice
37 verbose exit 0
38 timing npm Completed in 80827ms
39 info ok
